Open  192 c1801 1 1 1 1734.0 867.0 867.0 0.0021675
Open  225 RM709 1 1 -1 2308.0 1154.0 2021.0 0.002885
Open  308 c1801 1 2 1 1735.0 1734.5 2888.5 0.00433625
Open  371 jd1709 1 1 1 3982.0 1991.0 4879.5 0.0049775
Open  384 ag1712 1 1 -1 4007.0 4207.35 9086.85 0.010518375
Open  405 c1801 1 3 1 1735.0 2602.0 9954.35 0.006505
Open  428 rb1710 1 1 1 3387.0 2370.9 12325.25 0.00592725
Open  469 c1801 1 4 1 1734.0 3469.0 13192.25 0.0086725
Open  551 y1709 1 1 1 6036.0 3018.0 16210.25 0.007545
Open  561 m1709 1 1 -1 2767.0 1383.5 17593.75 0.00345875
Open  630 m1709 1 2 -1 2767.0 2767.0 18977.25 0.0069175
Open  664 rb1710 1 2 1 3382.0 4738.3 21344.65 0.01184575
Open  682 m1709 1 3 -1 2767.0 4150.5 22728.15 0.01037625
Open  691 al1709 1 1 1 14195.0 3548.75 26276.9 0.008871875
Open  711 rb1710 1 3 1 3356.0 7087.5 28626.1 0.01771875
Open  811 CF709 1 1 -1 15040.0 5264.0 33890.1 0.01316
Open  954 FG709 1 1 1 1361.0 1633.2 35523.3 0.004083
Open  1030 FG709 1 2 1 1362.0 3267.6 37157.7 0.008169
Open  1135 FG709 1 3 1 1363.0 4903.2 38793.3 0.012258
Open  1168 SR801 1 1 -1 6395.0 3837.0 42630.3 0.0095925
Open  1201 jd1709 1 2 1 3992.0 3987.0 44626.3 0.0099675
Open  1279 jd1709 1 3 1 3993.0 5983.5 46622.8 0.01495875
Open  1358 jd1709 1 4 1 3993.0 7980.0 48619.3 0.01995
Open  1412 jd1709 1 5 1 3994.0 9977.0 50616.3 0.0249425
Open  1445 c1801 1 5 1 1729.0 4333.5 51480.8 0.01083375
Open  1465 c1801 1 6 1 1729.0 5198.0 52345.3 0.012995
Open  1472 c1801 1 7 1 1729.0 6062.5 53209.8 0.01515625
Open  1479 c1801 1 8 1 1730.0 6927.5 54074.8 0.01731875
Open  1500 c1801 1 9 1 1730.0 7792.5 54939.8 0.01948125
Open  1574 c1801 1 10 1 1730.0 8657.5 55804.8 0.02164375
Open  1581 c1801 1 11 1 1730.0 9522.5 56669.8 0.02380625
Open  1582 c1801 1 12 1 1730.0 10387.5 57534.8 0.02596875
Open  1603 c1801 1 13 1 1731.0 11253.0 58400.3 0.0281325
Open  1610 jd1709 1 6 1 3990.0 11972.0 60395.3 0.02993
Open  1754 bu1709 1 1 -1 2376.0 950.4 61345.7 0.002376
Open  1780 RM709 1 2 -1 2317.0 2312.5 62504.2 0.00578125
Open  1804 ZC709 1 1 1 572.2 2861.0 65365.2 0.0071525
Open  1894 a1709 1 1 1 3919.0 1959.5 67324.7 0.00489875
Open  2054 ZC709 1 2 1 572.8 5725.0 70188.7 0.0143125
Open  2064 a1709 1 2 1 3919.0 3919.0 72148.2 0.0097975
Open  2193 MA709 1 1 1 2397.0 1198.5 73346.7 0.00299625
Open  2252 a1709 1 3 1 3920.0 5879.0 75306.7 0.0146975
Open  2278 ag1712 1 2 -1 4006.0 8413.65 79513.0 0.021034125
Open  2350 FG709 1 4 1 1365.0 6541.2 81151.0 0.016353
Open  2432 RM709 1 3 -1 2316.0 3470.5 82309.0 0.00867625
Open  2461 RM709 1 4 -1 2316.0 4628.5 83467.0 0.01157125
Open  2489 CF709 1 2 -1 15035.0 10526.25 88729.25 0.026315625
Close  -42.769 -10884.8887671 -42.769 -10975.1767671 m1709 -1 87345.75 0.0069175
Open  2589 FG709 1 5 1 1366.0 8180.4 88984.95 0.020451
Open  2620 j1709 1 1 1 1760.5 8802.5 97787.45 0.02200625
Open  2795 CF709 1 3 -1 15025.0 15785.0 103046.2 0.0394625
Open  2816 FG709 1 6 1 1366.0 9819.6 104685.4 0.024549
Open  2856 FG709 1 7 1 1367.0 11460.0 106325.8 0.02865
Open  2886 ZC709 1 3 1 574.2 8596.0 109196.8 0.02149
Open  2933 i1709 1 1 1 483.0 2415.0 111611.8 0.0060375
Open  2981 ZC709 1 4 1 575.4 11473.0 114488.8 0.0286825
Open  3090 CF709 1 4 -1 15030.0 21045.5 119749.3 0.05261375
Open  3191 FG709 1 8 1 1367.0 13100.4 121389.7 0.032751
Open  3275 MA709 1 2 1 2364.0 2380.5 122571.7 0.00595125
Open  3378 MA709 1 3 1 2364.0 3562.5 123753.7 0.00890625
Open  3395 TA709 1 1 1 4844.0 1453.2 125206.9 0.003633
Open  3415 ag1712 1 3 -1 3893.0 12501.3 129294.55 0.03125325
Open  3569 MA709 1 4 1 2363.0 4744.0 130476.05 0.01186
Open  3740 MA709 1 5 1 2365.0 5926.5 131658.55 0.01481625
Close  -210.72625 -72247.484707 -253.49525 -90224.5006761 ZC709 1 128790.3 0.021511875
Open  3806 TA709 1 2 1 4848.0 2907.6 130244.7 0.007269
Open  3885 MA709 1 6 1 2369.0 7111.0 131429.2 0.0177775
Open  4062 MA709 1 7 1 2369.0 8295.5 132613.7 0.02073875
Close  -1920.5615 -514118.957885 -2174.05675 -686235.673075 jd1709 1 130618.366667 0.0249416666667
Open  4131 TA709 1 3 1 4848.0 4362.0 132072.766667 0.010905
Open  4139 ag1712 1 4 -1 3892.0 16587.9 136159.366667 0.04146975
Close  -179.823125 -62058.3278333 -2353.879875 -764143.410812 RM709 -1 135002.241667 0.0086784375
Close  -441.4515 -111829.008864 -2584.605125 -768504.856166 ZC709 1 132133.991667 0.01434125
Open  4337 MA709 1 8 1 2369.0 9480.0 133318.491667 0.0237
Open  4392 TA709 1 4 1 4850.0 5817.0 134773.491667 0.0145425
Close  -355.5515 -86033.0534349 -2897.387625 -891334.41858 m1709 -1 133389.991667 0.00345875
Close  -712.17475 -163563.363569 -3168.110875 -939863.992137 ZC709 1 130521.741667 0.007170625
Close  -648.333 -152830.549 -3460.892375 -985724.241232 m1709 -1 129138.241667 0.0
Open  4608 MA709 1 9 1 2366.0 10663.0 130321.241667 0.0266575
Close  -942.9 -218980.815 -3691.617625 -1015982.05283 ZC709 1 127452.991667 0.0
Close  -309.64375 -96549.6422222 -3821.43825 -1047331.54622 RM709 -1 126295.866667 0.005785625
Close  -429.463875 -124268.954111 -3941.258375 -1075050.85811 RM709 -1 125138.741667 0.0028928125
Close  -559.2845 -154408.387 -4071.079 -1105190.291 RM709 -1 123981.616667 0.0
Open  4721 RM709 1 1 1 2327.0 1163.5 125145.116667 0.00290875
Open  4761 RM709 1 2 1 2329.0 2328.0 126309.616667 0.00582
Open  4805 RM709 1 3 1 2330.0 3493.0 127474.616667 0.0087325
Open  4848 RM709 1 4 1 2333.0 4659.5 128641.116667 0.01164875
Open  4884 RM709 1 5 1 2334.0 5826.5 129808.116667 0.01456625
Open  4895 RM709 1 6 1 2334.0 6993.5 130975.116667 0.01748375
Open  4966 RM709 1 7 1 2334.0 8160.5 132142.116667 0.02040125
Open  5009 MA709 1 10 1 2371.0 11848.5 133327.616667 0.02962125
Open  5041 MA709 1 11 1 2371.0 13034.0 134513.116667 0.032585
Open  5107 MA709 1 12 1 2410.0 14239.0 135718.116667 0.0355975
Open  5136 TA709 1 5 1 4910.0 7290.0 137191.116667 0.018225
Open  5169 MA709 1 13 1 2410.0 15444.0 138396.116667 0.03861
Open  5186 TA709 1 6 1 4906.0 8761.8 139867.916667 0.0219045
Open  5236 MA709 1 14 1 2410.0 16649.0 141072.916667 0.0416225
Open  5243 TA709 1 7 1 4908.0 10234.2 142545.316667 0.0255855
Open  5301 MA709 1 15 1 2409.0 17853.5 143749.816667 0.04463375
Open  5350 MA709 1 16 1 2409.0 19058.0 144954.316667 0.047645
Open  5374 MA709 1 17 1 2409.0 20262.5 146158.816667 0.05065625
Open  5425 MA709 1 18 1 2410.0 21467.5 147363.816667 0.05366875
Open  5500 MA709 1 19 1 2404.0 22669.5 148565.816667 0.05667375
Open  5557 al1709 1 2 1 14175.0 7092.5 152109.566667 0.01773125
Open  5672 FG709 1 9 1 1373.0 14748.0 153757.166667 0.03687
Open  5759 FG709 1 10 1 1376.0 16399.2 155408.366667 0.040998
Open  5811 FG709 1 11 1 1376.0 18050.4 157059.566667 0.045126
Open  5907 m1709 1 1 1 2802.0 1401.0 158460.566667 0.0035025
Open  5940 TA709 1 8 1 4868.0 11694.6 159920.966667 0.0292365
Open  5975 TA709 1 9 1 4868.0 13155.0 161381.366667 0.0328875
Open  6006 RM709 1 8 1 2336.0 9328.5 162549.366667 0.02332125
Open  6046 RM709 1 9 1 2336.0 10496.5 163717.366667 0.02624125
Open  6049 TA709 1 10 1 4872.0 14616.6 165178.966667 0.0365415
Close  397.644 129323.754 -3673.435 -1077051.30032 bu1709 -1 164228.566667 0.0
Open  6069 m1709 1 2 1 2804.0 2803.0 165630.566667 0.0070075
Open  6104 m1709 1 3 1 2803.0 4204.5 167032.066667 0.01051125
Open  6185 m1709 1 4 1 2802.0 5605.5 168433.066667 0.01401375
Open  6187 au1712 1 1 -1 272.4 19068.0 187501.066667 0.04767
Open  6248 m1709 1 5 1 2801.0 7006.0 188901.566667 0.017515
Open  6268 m1709 1 6 1 2795.0 8403.5 190299.066667 0.02100875
Open  6313 m1709 1 7 1 2795.0 9801.0 191696.566667 0.0245025
Open  6368 m1709 1 8 1 2796.0 11199.0 193094.566667 0.0279975
Close  -2521.189 -695909.333635 -4274.0625 -1199461.95146 jd1709 1 191099.233333 0.0199533333333
Open  6596 ZC709 1 1 1 591.2 2956.0 194055.233333 0.00739
Open  6668 m1709 1 9 1 2810.0 12604.0 195460.233333 0.03151
Open  6751 FG709 1 12 1 1366.0 19689.6 197099.433333 0.049224
Open  6835 rb1801 1 1 1 3165.0 2215.5 199314.933333 0.00553875
Open  6876 m1709 1 10 1 2809.0 14008.5 200719.433333 0.03502125
Open  6888 FG709 1 13 1 1366.0 21328.8 202358.633333 0.053322
Open  6962 ru1709 1 1 1 12865.0 6432.5 208791.133333 0.01608125
Open  7044 p1709 1 1 1 5412.0 2706.0 211497.133333 0.006765
Open  7079 m1709 1 11 1 2811.0 15414.0 212902.633333 0.038535
Open  7116 m1709 1 12 1 2811.0 16819.5 214308.133333 0.04204875
Open  7117 TA709 1 11 1 4954.0 16102.8 215794.333333 0.040257
Open  7148 TA709 1 12 1 4954.0 17589.0 217280.533333 0.0439725
Open  7158 FG709 1 14 1 1365.0 22966.8 218918.533333 0.057417
Open  7201 m1709 1 13 1 2812.0 18225.5 220324.533333 0.04556375
Open  7250 TA709 1 13 1 4960.0 19077.0 221812.533333 0.0476925
Open  7297 TA709 1 14 1 4960.0 20565.0 223300.533333 0.0514125
Open  7351 rb1801 1 2 1 3148.0 4419.1 225504.133333 0.01104775
Open  7363 FG709 1 15 1 1369.0 24609.6 227146.933333 0.061524
Open  7433 FG709 1 16 1 1350.0 26229.6 228766.933333 0.065574
Open  7501 FG709 1 17 1 1351.0 27850.8 230388.133333 0.069627
Open  7577 FG709 1 18 1 1354.0 29475.6 232012.933333 0.073689
Open  7652 FG709 1 19 1 1353.0 31099.2 233636.533333 0.077748
Open  7751 FG709 1 20 1 1351.0 32720.4 235257.733333 0.081801
Open  7846 y1709 1 2 1 6106.0 6071.0 238310.733333 0.0151775
Open  7862 FG709 1 21 1 1351.0 34341.6 239931.933333 0.085854
Close  -1045.068125 -323226.222307 -5319.130625 -1630810.96478 CF709 -1 234670.558333 0.0394603125
Open  7946 RM709 1 10 1 2419.0 11706.0 235880.058333 0.029265
Open  8005 RM709 1 11 1 2415.0 12913.5 237087.558333 0.03228375
Open  8100 RM709 1 12 1 2414.0 14120.5 238294.558333 0.03530125
Open  8137 FG709 1 22 1 1352.0 35964.0 239916.958333 0.08991
Open  8152 RM709 1 13 1 2419.0 15330.0 241126.458333 0.038325
Open  8170 FG709 1 23 1 1354.0 37588.8 242751.258333 0.093972
Open  8261 FG709 1 24 1 1355.0 39214.8 244377.258333 0.098037
Open  8312 FG709 1 25 1 1356.0 40842.0 246004.458333 0.102105
Open  8378 TA709 1 15 1 4946.0 22048.8 247488.258333 0.055122
Open  8381 j1709 1 2 1 1801.0 17807.5 256493.258333 0.04451875
Open  8505 rb1801 1 3 1 3234.0 6682.9 258757.058333 0.01670725
Open  8543 TA709 1 16 1 4960.0 23536.8 260245.058333 0.058842
Open  8601 TA709 1 17 1 4960.0 25024.8 261733.058333 0.062562
Open  8610 rb1801 1 4 1 3225.0 8940.4 263990.558333 0.022351
Open  8695 zn1709 1 1 1 23035.0 5758.75 269749.308333 0.014396875
Open  8714 rb1801 1 5 1 3233.0 11203.5 272012.408333 0.02800875
Open  8845 y1709 1 3 1 6104.0 9123.0 275064.408333 0.0228075
Open  9037 RM709 1 14 1 2417.0 16538.5 276272.908333 0.04134625
Open  9195 a1709 1 4 1 3905.0 7831.5 278225.408333 0.01957875
Open  9281 a1709 1 5 1 3895.0 9779.0 280172.908333 0.0244475
Open  9365 jd1709 1 5 1 3945.0 9953.83333333 282145.408333 0.0248845833333
Open  9416 jd1709 1 6 1 3944.0 11925.8333333 284117.408333 0.0298145833333
Open  9471 l1709 1 1 1 9065.0 4532.5 288649.908333 0.01133125
Open  9536 l1709 1 2 1 9060.0 9062.5 293179.908333 0.02265625
Open  9584 l1709 1 3 1 9065.0 13595.0 297712.408333 0.0339875
Open  9797 MA709 1 20 1 2489.0 23914.0 298956.908333 0.059785
Open  9880 RM709 1 15 1 2420.0 17748.5 300166.908333 0.04437125
Open  9966 MA709 1 21 1 2490.0 25159.0 301411.908333 0.0628975
Open  10061 MA709 1 22 1 2490.0 26404.0 302656.908333 0.06601
Open  10099 RM709 1 16 1 2421.0 18959.0 303867.408333 0.0473975
Close  -244.026807692 -134559.168532 -5563.15743269 -2010439.78036 c1801 1 303001.792949 0.0259684615385
Close  -488.053615385 -172419.006273 -5807.18424038 -2048299.6181 c1801 1 302136.177564 0.0238044230769
Close  -72.0312307692 -24700.335492 -5879.21547115 -2098853.65572 m1709 1 300734.216026 0.0420588461538
Close  -144.062461538 -42998.2974169 -5951.24670192 -2117151.61765 m1709 1 299332.254487 0.0385539423077
Close  -216.093692308 -61369.7451327 -6023.27793269 -2143408.53682 m1709 1 297930.292949 0.0350490384615
Close  -278.125423077 -84855.9257714 -6085.30966346 -2051759.76512 m1709 1 296528.33141 0.0315441346154
Close  -3067.91491667 -901865.115084 -6632.03558013 -2253188.85537 jd1709 1 294540.692521 0.0248454861111
Close  -110.7174 -36476.6130327 -6742.75298013 -2282384.43408 FG709 1 292907.012521 0.0980208
Close  -221.4348 -62214.1538072 -6853.47038013 -2310339.82668 FG709 1 291273.332521 0.0939366
Close  -332.1522 -87543.1621885 -6964.18778013 -2335668.83507 FG709 1 289639.652521 0.0898524
Open  11071 al1709 1 3 1 14450.0 10705.0 293252.152521 0.0267625
Open  11079 m1801 1 1 1 2859.0 1429.5 294681.652521 0.00357375
Open  11250 TA709 1 18 1 5382.0 26639.4 296296.252521 0.0665985
Close  -2540.15875 -558280.460309 -8459.27840513 -2621053.65281 CF709 -1 291034.877521 0.026306875
Open  11382 RM709 1 17 1 2336.0 20127.0 292202.877521 0.0503175
Open  11432 TA709 1 19 1 5384.0 28254.6 293818.077521 0.0706365
Open  11456 RM709 1 18 1 2337.0 21295.5 294986.577521 0.05323875
Open  11514 al1709 1 4 1 14530.0 14337.5 298619.077521 0.03584375
Close  -4085.251875 -937169.797582 -10004.3715301 -2999942.99009 CF709 -1 293357.702521 0.0131534375
Open  11626 TA709 1 20 1 5388.0 29871.0 294974.102521 0.0746775
Open  11648 RM709 1 19 1 2336.0 22463.5 296142.102521 0.05615875
Open  11727 TA709 1 21 1 5390.0 31488.0 297759.102521 0.07872
Open  11751 RM709 1 20 1 2337.0 23632.0 298927.602521 0.05908
Open  11776 al1709 1 5 1 14530.0 17970.0 302560.102521 0.044925
Open  11801 RM709 1 21 1 2337.0 24800.5 303728.602521 0.06200125
Open  11873 RM709 1 22 1 2340.0 25970.5 304898.602521 0.06492625
Open  11889 MA709 1 23 1 2498.0 27653.0 306147.602521 0.0691325
Open  11934 TA709 1 22 1 5404.0 33109.2 307768.802521 0.082773
Open  11944 l1709 1 4 1 9220.0 18205.0 312378.802521 0.0455125
Open  12064 MA709 1 24 1 2499.0 28902.5 313628.302521 0.07225625
Open  12113 RM709 1 23 1 2340.0 27140.5 314798.302521 0.06785125
Open  12191 al1709 1 6 1 14540.0 21605.0 318433.302521 0.0540125
Open  12267 MA709 1 25 1 2501.0 30153.0 319683.802521 0.0753825
Open  12315 MA709 1 26 1 2498.0 31402.0 320932.802521 0.078505
Open  12398 MA709 1 27 1 2489.0 32646.5 322177.302521 0.08161625
Close  -869.8683 -443748.087894 -10874.2398301 -2596708.45621 a1709 1 320221.502521 0.019558
Open  12529 rb1801 1 6 1 3367.0 13560.4 322578.402521 0.033901
Close  -1769.7351 -651520.235894 -11774.1066301 -2804480.60421 a1709 1 320622.602521 0.0146685
Open  12688 i1709 1 2 1 487.5 4852.5 323060.102521 0.01213125
Open  12705 ZC709 1 2 1 597.4 5943.0 326047.102521 0.0148575
Open  12745 c1801 1 12 1 1720.0 10381.7692308 326907.102521 0.0259544230769
Open  12751 c1801 1 13 1 1719.0 11241.2692308 327766.602521 0.0281031730769
Open  12755 c1801 1 14 1 1720.0 12101.2692308 328626.602521 0.0302531730769
Open  12998 bu1709 1 1 1 2576.0 1030.4 329657.002521 0.002576
Open  13032 bu1709 1 2 1 2580.0 2062.4 330689.002521 0.005156
Open  13101 bu1709 1 3 1 2582.0 3095.2 331721.802521 0.007738
Close  2004.66409091 651827.284071 -9769.44253922 -3046816.8645 TA709 1 330216.838885 0.0790105909091
Open  13175 bu1709 1 4 1 2582.0 4128.0 331249.638885 0.01032
Close  3969.33018182 1120205.10836 -7804.77644831 -2578439.04021 TA709 1 329744.675249 0.0752481818182
Close  5963.99477273 1665541.80441 -5810.1118574 -2033102.34416 TA709 1 328239.711612 0.0714857727273
Close  7958.65936364 2177388.82132 -3815.44726649 -1521255.32725 TA709 1 326734.747976 0.0677233636364
Close  9943.32445455 2697785.42304 -1830.78217558 -1000858.72553 TA709 1 325229.78434 0.0639609545455
Close  11937.9890455 3212860.28348 163.882415326 -485783.865093 TA709 1 323724.820703 0.0601985454545
Close  13972.6516364 3766443.25534 2198.54500624 67799.1067678 TA709 1 322219.857067 0.0564361363636
Close  15997.3147273 4261317.09387 4223.20809714 562672.9453 TA709 1 320714.89343 0.0526737272727
Open  13644 ZC709 1 3 1 612.6 9006.0 323777.89343 0.022515
Open  13727 jd1709 1 6 1 3997.0 11936.6944444 325776.39343 0.0298417361111
Close  -2809.5949 -888095.802552 3183.34829714 627354.033108 a1709 1 323820.59343 0.009779
Close  -3849.4547 -1144842.93113 2143.48849714 370606.904529 a1709 1 321864.79343 0.0048895
Open  14003 CF801 1 1 1 15125.0 5293.75 327158.54343 0.013234375
Open  14076 CF801 1 2 1 15150.0 10596.25 332461.04343 0.026490625
Open  14142 CF801 1 3 1 15210.0 15919.75 337784.54343 0.039799375
Open  14292 c1801 1 15 1 1709.0 12955.7692308 338639.04343 0.0323894230769
Open  14326 c1801 1 16 1 1712.0 13811.7692308 339495.04343 0.0345294230769
Open  14358 c1801 1 17 1 1711.0 14667.2692308 340350.54343 0.0366681730769
Open  14380 c1801 1 18 1 1711.0 15522.7692308 341206.04343 0.0388069230769
Open  14418 c1801 1 19 1 1713.0 16379.2692308 342062.54343 0.0409481730769
Open  14443 c1801 1 20 1 1713.0 17235.7692308 342919.04343 0.0430894230769
Open  14488 c1801 1 21 1 1714.0 18092.7692308 343776.04343 0.0452319230769
Open  14514 m1801 1 2 1 2885.0 2872.0 345218.54343 0.00718
Open  14683 m1801 1 3 1 2884.0 4314.0 346660.54343 0.010785
Open  14706 p1801 1 1 1 5350.0 2675.0 349335.54343 0.0066875
Open  14736 m1801 1 4 1 2884.0 5756.0 350777.54343 0.01439
Open  14786 CF801 1 4 1 15215.0 21245.0 356102.79343 0.0531125
Open  14947 bu1709 1 5 1 2574.0 5157.6 357132.39343 0.012894
Close  -780.970967033 -287182.59113 1850.5711455 145234.422258 c1801 1 356270.832991 0.043078021978
Close  -1073.88831868 -366599.728936 1557.65379385 65817.2844517 c1801 1 355409.272551 0.0409241208791
Close  -1376.80517033 -447326.517379 1254.7369422 -14909.5039915 c1801 1 354547.712112 0.0387702197802
Close  474.965277778 191314.427948 1729.70221998 177659.90488 MA709 1 353338.582482 0.0785934259259
Close  899.933055556 308357.346754 2154.66999776 278713.994863 MA709 1 352129.452853 0.0755706018519
Close  1314.90133333 414640.80356 2569.63827553 248704.185592 MA709 1 350920.323223 0.0725477777778
Close  1739.86911111 523854.113866 2994.60605331 311308.208297 MA709 1 349711.193593 0.0695249537037
Close  2164.83688889 633223.171469 3419.57383109 420677.265901 MA709 1 348502.063964 0.0665021296296
Close  2609.80366667 746586.559856 3864.54060887 534040.654287 MA709 1 347292.934334 0.0634793055556
Close  3054.77044444 857785.240379 4309.50738664 645239.33481 MA709 1 346083.804704 0.0604564814815
Close  3509.73672222 971456.81759 4764.47366442 758910.912022 MA709 1 344874.675075 0.0574336574074
Close  3934.7045 1085455.64369 5189.4414422 872909.738125 MA709 1 343665.545445 0.0544108333333
Close  -1719.72002198 -516314.254312 4846.52659055 873253.592951 c1801 1 342803.985006 0.0366163186813
Close  -2062.63487363 -593798.01796 4503.6117389 795769.829302 c1801 1 341942.424566 0.0344624175824
Close  -2405.54972527 -684195.742217 4160.69688725 705372.105045 c1801 1 341080.864126 0.0323085164835
Open  16087 RM709 1 24 1 2351.0 28316.0 342256.364126 0.07079
Open  16123 RM709 1 25 1 2352.0 29492.0 343432.364126 0.07373
Open  16199 RM709 1 26 1 2351.0 30667.5 344607.864126 0.07666875
Close  -2718.46607692 -761108.256984 3847.78053561 -135616.27613 c1801 1 343746.303687 0.0301546153846
Close  -3031.38242857 -859018.508672 3534.86418396 -233526.527819 c1801 1 342884.743247 0.0280007142857
Open  16655 jd1801 1 1 1 4077.0 2038.5 344923.243247 0.00509625
Close  -3434.29428022 -919399.23087 3131.95233231 -863930.516666 c1801 1 344061.682808 0.0258468131868
Open  16793 jd1801 1 2 1 4096.0 4086.5 346109.682808 0.01021625
Close  1441.648125 653773.158801 4573.60045731 -827407.064861 ag1712 -1 341962.707808 0.0311023125
Close  -3837.20613187 -1053744.82193 4170.68860566 -955755.084893 c1801 1 341101.147368 0.0236929120879
Close  -4250.11748352 -1126255.78922 3757.77725401 -1028266.05218 c1801 1 340239.586929 0.021539010989
Close  -4663.02883516 -1244289.00898 3344.86590236 -1146299.27195 c1801 1 339378.026489 0.0193851098901
Close  -5085.93968681 -1325227.4258 2921.95505072 -1117538.54752 c1801 1 338516.46605 0.0172312087912
Close  2853.29475 952510.967646 4333.60167572 -972810.415138 ag1712 -1 334369.49105 0.020734875
Close  -5508.85053846 -1429766.85589 3910.69082407 -897653.373552 c1801 1 333507.93061 0.0150773076923
Close  -5921.76189011 -1536105.20246 3497.77947242 -1052986.79457 c1801 1 332646.37017 0.0129234065934
Close  -6334.67324176 -1656187.61007 3084.86812077 -1340645.67748 c1801 1 331784.809731 0.0107695054945
Close  -6757.58409341 -1741414.535 2661.95726912 -1537230.49714 c1801 1 330923.249291 0.0086156043956
Close  -1482.51375 -644237.447451 1179.44351912 -1618983.87963 CF801 1 325611.999291 0.039834375
Open  17347 p1801 1 2 1 5344.0 5347.0 328283.999291 0.0133675
Close  -2990.02625 -1031430.99983 -328.068980877 -2006177.432 CF801 1 322972.749291 0.02655625
Open  17559 SR801 1 2 -1 6113.0 7504.8 326640.549291 0.018762
Close  -4447.54125 -1404036.1878 -1785.58398088 -2378782.61998 CF801 1 321329.299291 0.013278125
Close  4309.943625 1279710.11239 -328.935105877 -2349011.39026 ag1712 -1 317182.324291 0.0103674375
Open  17692 SR801 1 3 -1 6111.0 11171.4 320848.924291 0.0279285
Close  -7210.49344505 -1871115.89389 -781.844457526 -2146671.81478 c1801 1 319987.363852 0.0064617032967
Close  -852.701134615 -387530.212221 -1634.54559214 -2315799.22016 RM709 1 318807.844621 0.0737199519231
Close  -1695.40276923 -599455.77346 -2477.24722676 -2527724.7814 RM709 1 317628.32539 0.0707711538462
Close  -2548.10390385 -818231.124091 -3329.94836137 -2677793.38219 RM709 1 316448.806159 0.0678223557692
Close  16722.0428182 4605017.60988 -2605.22027046 -2736242.63664 TA709 1 314943.842523 0.0489113181818
Close  -3410.80453846 -1024789.64126 -3467.92090508 -2815645.14951 RM709 1 313764.323292 0.0648735576923
Close  -4273.50517308 -1241143.57134 -4330.62153969 -2893986.29314 RM709 1 312584.804061 0.0619247596154
Close  17426.7719091 4800610.66334 -3625.89244878 -2860887.7416 TA709 1 311079.840425 0.0451489090909
Close  4659.65727778 1226046.11626 -2900.93967101 -2859487.36716 MA709 1 309870.710796 0.0513880092593
Close  5181.56325 1578173.8155 -2029.32004601 -2955579.64378 ag1712 -1 305723.735796 0.0
Close  -7593.4062967 -2035041.48957 -2412.23289766 -3032686.97472 c1801 1 304862.175356 0.0043078021978
Close  -7976.31914835 -2079482.6606 -2795.1457493 -3077128.14575 c1801 1 304000.614916 0.0021539010989
Open  18633 l1801 1 1 1 9620.0 4810.0 308810.614916 0.012025
Open  18646 c1801 1 1 -1 1685.0 842.5 309653.114916 0.00210625
Open  18683 c1801 1 2 -1 1685.0 1685.0 310495.614916 0.0042125
Close  -3260.86584722 -924184.735187 -2988.09667986 -3168025.2411 jd1709 1 308506.165842 0.0248681134259
Open  18830 jd1801 1 3 1 4092.0 6132.5 310552.165842 0.01533125
close error:  18919 ag1712 20170727 -2
Open  18928 rb1801 1 7 1 3417.0 15952.3 312944.065842 0.03988075
Open  19098 bu1709 1 6 1 2632.0 6210.4 313996.865842 0.015526
Close  4394.65955556 1159814.17812 -3253.09440208 -3405469.65019 MA709 1 312787.736213 0.0483651851852
Close  -410.153653846 -99264.7142446 -3385.12263285 -3465265.78759 m1709 1 311385.774674 0.0280392307692
Close  4099.66333333 1082156.06428 -3680.11885507 -3504177.86232 MA709 1 310176.645045 0.0453423611111
Close  -522.182884615 -128337.921816 -3792.14808584 -3558250.98042 m1709 1 308774.683506 0.0245343269231
Close  3814.66661111 1023834.50519 -4077.14480806 -3586455.17984 MA709 1 307565.553876 0.042319537037
Close  -5236.20080769 -1475092.65622 -5039.84044268 -3651783.92068 RM709 1 306386.034646 0.0589759615385
Close  3549.66888889 960639.093359 -5304.8381649 -3697638.16988 MA709 1 305176.905016 0.039296712963
Close  -6208.89594231 -1705385.62552 -6277.53329952 -3910673.05061 RM709 1 303997.385785 0.0560271634615
Close  3264.67216667 893228.556667 -6562.53002174 -4096290.0164 MA709 1 302788.256156 0.0362738888889
Open  19827 jd1801 1 4 1 4083.0 8174.0 304829.756156 0.020435
Close  -4263.77627778 -1067146.77079 -7565.44045229 -4130894.60642 jd1709 1 302840.307082 0.0198944907407
Close  -5196.69020833 -1309013.42418 -8498.35438285 -4372761.25982 jd1709 1 300850.858008 0.0149208680556
Open  20021 jd1801 1 5 1 4088.0 10218.0 302894.858008 0.025545
Open  20171 ag1712 1 1 1 3903.0 4098.15 306993.008008 0.010245375
Close  -34.2421153846 -62591.9597315 -8010.41361362 -4463734.07466 m1709 1 305591.046469 0.0210294230769
Close  473.697653846 59557.013507 -7502.47384439 -4333431.72446 m1709 1 304189.084931 0.0175245192308
Open  20266 ag1712 1 2 1 3907.0 8200.5 308291.434931 0.02050125
Close  -248.85625 -29200.3777891 -7751.33009439 -4303172.72646 al1709 1 304690.601597 0.0450104166667
Close  -6761.61207692 -1890506.62435 -8304.046229 -4375252.52068 RM709 1 303511.082367 0.0530783653846
Close  -7344.32671154 -2030127.21074 -8886.76086362 -4518243.98541 RM709 1 302331.563136 0.0501295673077
Close  -522.71125 -47562.0706432 -9160.61586362 -4665514.33348 al1709 1 298730.729802 0.0360083333333
Close  -7957.03984615 -2177487.41014 -9773.32899824 -4677744.61997 RM709 1 297551.210572 0.0471807692308
Open  20757 SR801 1 4 -1 6052.0 14802.6 301182.410572 0.0370065
Close  -8569.75298077 -2331453.05006 -10386.0421329 -4831710.25989 RM709 1 300002.891341 0.0442319711538
Close  -9192.46561538 -2484474.37612 -11008.7547675 -4984731.58594 RM709 1 298823.37211 0.0412831730769
Close  -9825.17775 -2651369.63332 -11641.4669021 -5151626.84315 RM709 1 297643.852879 0.038334375
Close  -10457.8898846 -2801595.19646 -12274.1790367 -5301852.40629 RM709 1 296464.333649 0.0353855769231
Open  21083 CF801 1 1 -1 14760.0 5166.0 301630.333649 0.012915
Close  -11100.6015192 -2959953.4362 -12916.8906713 -5460210.64603 RM709 1 300450.814418 0.0324367788462
Close  -11793.3106538 -3124507.00507 -13609.5998059 -5624764.2149 RM709 1 299271.295187 0.0294879807692
Close  -12496.0192885 -3323399.64829 -14312.3084405 -5823656.85812 RM709 1 298091.775956 0.0265391826923
Open  21361 CF801 1 2 -1 14755.0 10330.25 303256.025956 0.025825625
Close  821.645423077 160844.008827 -13964.3606713 -5918736.13969 m1709 1 301854.064418 0.0140196153846
Open  21412 CF801 1 3 -1 14745.0 15491.0 307014.814418 0.0387275
Close  -8279.236 -2150932.4035 -14267.277523 -5908175.85975 c1801 1 306153.253978 2.27373675443e-17
Close  18171.499 5006310.70611 -13522.5504321 -5735593.18012 TA709 1 304648.290342 0.0413865
Open  21481 CF801 1 4 -1 14730.0 20646.5 309803.790342 0.05161625
Close  2729.68794444 815158.552976 -14057.5346543 -5231392.82213 MA709 1 308594.660712 0.0332510648148
Close  -13168.7294231 -3470404.84487 -14730.2447889 -5247438.39215 RM709 1 307415.141481 0.0235903846154
Open  21679 a1801 1 1 -1 3843.0 1921.5 309336.641481 0.00480375
Open  21722 a1801 1 2 -1 3846.0 3844.5 311259.641481 0.00961125
Close  19216.2110909 5272191.61153 -13685.532698 -2902466.10523 TA709 1 309754.677845 0.0376240909091
Close  1069.59819231 225919.536039 -13437.5799287 -2863016.89546 m1709 1 308352.716307 0.0105147115385
Close  1287.55246154 279763.329896 -13219.6256595 -2809173.1016 m1709 1 306950.754768 0.00700980769231
Close  1505.50673077 337889.204608 -13001.6713903 -2751047.22689 m1709 1 305548.79323 0.00350490384615
Open  22107 jd1801 1 6 1 4121.0 12278.5 307609.29323 0.03069625
Open  22196 al1710 1 1 1 14595.0 3648.75 311258.04323 0.009121875
Close  78.319 30387.772 -12923.3523903 -3783406.83263 c1801 -1 310415.54323 0.00210625
Close  156.638 48166.185 -12845.0333903 -3765628.41963 c1801 -1 309573.04323 0.0
Open  22336 c1801 1 1 1 1678.0 839.0 310412.04323 0.0020975
Open  22363 c1801 1 2 1 1678.0 1678.0 311251.04323 0.004195
Open  22402 c1801 1 3 1 1678.0 2517.0 312090.04323 0.0062925
Open  22434 rb1801 1 8 1 3599.0 18471.6 314609.34323 0.046179
Open  22492 rb1801 1 9 1 3598.0 20990.2 317127.94323 0.0524755
Close  -238.85625 -129250.90997 -13083.8896403 -3889042.02987 a1801 -1 315205.69323 0.004805625
Open  22620 rb1801 1 10 1 3597.0 23508.1 317723.59323 0.05877025
Close  -219.884375 -92935.5135923 -13303.7740153 -3920213.77492 CF801 -1 312561.96823 0.0387121875
Open  22745 rb1801 1 11 1 3596.0 26025.3 315079.16823 0.06506325
Open  22785 TA801 1 1 1 5234.0 1570.2 316649.36823 0.0039255
Close  -5677.5225 -1167159.505 -18981.2965153 -3958865.73644 au1712 -1 297581.36823 0.0
Open  22868 p1801 1 3 1 5414.0 8054.0 300288.36823 0.020135
Close  -547.716 -168183.328 -19290.1562653 -3961683.8015 a1801 -1 298366.11823 0.0
Close  -8280.914 -2149457.90273 -19291.8342653 -3961478.35823 c1801 1 297527.11823 0.004195
Close  -8272.5925 -2147974.80085 -19283.5127653 -3959995.25635 c1801 1 296688.11823 0.0020975
Open  23029 c1801 1 1 -1 1678.0 839.0 297527.11823 0.0020975
Open  23056 c1801 1 2 -1 1678.0 1678.0 298366.11823 0.004195
Open  23081 y1801 1 1 1 6330.0 3165.0 301531.11823 0.0079125
Open  23128 y1801 1 2 1 6330.0 6330.0 304696.11823 0.015825
Close  2704.67822222 804961.127931 -19308.5224875 -3960021.49277 MA709 1 303486.9886 0.0302282407407
Close  2639.6705 796376.341729 -19373.5302097 -3968606.27897 MA709 1 302277.85897 0.0272054166667
Close  2584.66227778 783461.066361 -19428.538432 -3981521.55434 MA709 1 301068.729341 0.0241825925926
Close  2519.65455556 771929.749345 -19493.5461542 -3993052.87136 MA709 1 299859.599711 0.0211597685185
Close  2424.64833333 755366.670154 -19588.5523764 -4009615.95055 MA709 1 298650.470082 0.0181369444444
Close  2339.64161111 734475.115471 -19673.5590986 -4030507.50523 MA709 1 297441.340452 0.0151141203704
Close  194.962 61695.6275 -19635.2350986 -4030337.34718 c1801 -1 296602.340452 0.0020975
Close  -5449.63813889 -1512592.8655 -19888.1830292 -4032982.01904 jd1709 1 294612.891378 0.00994724537037
Close  223.2855 65774.2115 -19859.8595292 -4043088.49319 c1801 -1 293773.891378 0.0
Open  23872 c1801 1 2 1 1676.0 1677.0 294611.891378 0.0041925
Open  23898 c1801 1 3 1 1675.0 2514.5 295449.391378 0.00628625
Open  24067 m1801 1 5 1 2832.0 7172.0 296865.391378 0.01793
Close  717.0724 348667.989066 -18810.6349292 -3882929.87342 FG709 1 295231.711378 0.0857682
Open  24307 m1801 1 6 1 2833.0 8588.5 296648.211378 0.02147125
Close  231.344125 124165.436664 -18579.2908042 -3908017.99577 SR801 -1 292947.561378 0.027754875
Open  24372 m1801 1 7 1 2834.0 10005.5 294364.561378 0.02501375
Open  24396 c1801 1 4 1 1675.0 3352.0 295202.061378 0.00838
Open  24474 al1710 1 2 1 14775.0 7342.5 298895.811378 0.01835625
Open  24535 al1710 1 3 1 14790.0 11040.0 302593.311378 0.0276
Open  24624 al1710 1 4 1 14780.0 14735.0 306288.311378 0.0368375
Open  24703 al1710 1 5 1 14785.0 18431.25 309984.561378 0.046078125
Open  24725 OI801 1 1 1 6702.0 3351.0 313335.561378 0.0083775
Close  -286.068 -105371.374698 -18865.3588042 -3962594.06928 y1709 1 310294.561378 0.015205
Open  24863 OI801 1 2 1 6714.0 6708.0 313651.561378 0.01677
Close  -652.132 -150867.509898 -19231.4228042 -4008090.20448 y1709 1 310610.561378 0.0076025
Open  25000 MA801 1 1 1 2551.0 1275.5 311886.061378 0.00318875
Open  25026 MA801 1 2 1 2551.0 2551.0 313161.561378 0.0063775
Open  25079 MA801 1 3 1 2552.0 3827.0 314437.561378 0.0095675
Close  -8304.267 -2156803.81818 -19263.0973042 -4032176.9635 c1801 1 313599.561378 0.006285
Open  25251 y1801 1 3 1 6166.0 9413.0 316682.561378 0.0235325
Open  25363 zn1710 1 1 1 23565.0 5891.25 322573.811378 0.014728125
Close  19710.9506818 5425476.09725 -18768.3577133 -3573105.17654 TA709 1 321068.847742 0.0338616818182
Close  20205.6902727 5564761.73846 -18273.6181224 -3433819.53533 TA709 1 319563.884105 0.0300992727273
Close  20630.4333636 5689690.37511 -17848.8750314 -3360626.29371 TA709 1 318058.920469 0.0263368636364
Close  21085.1749545 5817707.26305 -17394.1334405 -3232609.40577 TA709 1 316553.956832 0.0225744545455
Open  25919 l1801 1 2 1 9625.0 9622.5 321366.456832 0.02405625
Open  26052 l1801 1 3 1 9635.0 14440.0 326183.956832 0.0361
Close  -13641.4495577 -3599814.40022 -17866.8535752 -195590.226373 RM709 1 325004.437602 0.0206415865385
Close  -14114.1696923 -3716956.11061 -18339.5737098 -312731.93677 RM709 1 323824.918371 0.0176927884615
Close  -14616.8883269 -3838916.17035 -18842.2923444 -434691.996509 RM709 1 322645.39914 0.0147439903846
Close  -15129.6064615 -3963798.90341 -19355.010479 -559574.729565 RM709 1 321465.879909 0.0117951923077
Close  -15662.3235962 -4094288.53665 -19887.7276136 -690064.362804 RM709 1 320286.360679 0.00884639423077
Close  -16205.0402308 -4228406.57873 -20430.4442482 -824182.404885 RM709 1 319106.841448 0.00589759615385
Close  -16737.7573654 -4365218.84718 -20963.1613828 -960994.673332 RM709 1 317927.322217 0.00294879807692
Open  26782 ru1801 1 1 1 16100.0 8050.0 325977.322217 0.020125
Close  -839.959714286 -407633.181516 -21803.1210971 -1300525.18272 m1801 1 324547.965074 0.0214403571429
Open  27027 ru1801 1 2 1 16100.0 16100.0 332597.965074 0.04025
Close  -1699.91842857 -638612.088462 -22663.0798114 -1580681.8037 m1801 1 331168.607931 0.0178669642857
Close  -2559.87714286 -877004.527629 -23523.0385257 -1745286.47627 m1801 1 329739.250788 0.0142935714286
Close  -3409.83635714 -1120942.97104 -24372.99774 -1989224.91968 m1801 1 328309.893646 0.0107201785714
Close  -667.36825 -239409.737226 -25271.710115 -2279847.39029 SR801 -1 324609.243646 0.01850325
Close  -1586.081625 -616192.312676 -26190.42349 -2656629.96574 SR801 -1 320908.593646 0.009251625
Close  -2088.847 -575521.278798 -27336.37049 -3288112.16027 ZC709 1 317906.593646 0.01501
Close  -2204.78 -999196.36 -27955.068865 -3472463.72158 SR801 -1 314205.943646 0.0
Open  27766 jd1801 1 7 1 4331.0 14444.0 316371.443646 0.03611
Open  27897 jm1801 1 1 1 1290.5 3871.5 320242.943646 0.00967875
Open  28007 jm1801 1 2 1 1294.0 7753.5 324124.943646 0.01938375
Open  28088 jm1801 1 3 1 1292.5 11631.0 328002.443646 0.0290775
Open  28194 jm1801 1 4 1 1297.5 15523.5 331894.943646 0.03880875
Open  28335 al1710 1 6 1 15355.0 22270.0 335733.693646 0.055675
Open  28415 ZC801 1 1 1 569.2 2846.0 338579.693646 0.007115
Open  28532 MA801 1 4 1 2680.0 5167.0 339919.693646 0.0129175
Close  -2664.88 -624467.5851 -30400.06449 -2402963.5673 CF801 -1 334758.068646 0.025808125
Close  -5309.885625 -1279870.14575 -33045.070115 -3062938.09145 CF801 -1 329596.443646 0.0129040625
Open  29022 c1801 1 4 1 1718.0 3373.0 330455.443646 0.0084325
Open  29063 c1801 1 5 1 1718.0 4232.0 331314.443646 0.01058
Open  29103 c1801 1 6 1 1718.0 5091.0 332173.443646 0.0127275
Open  29107 c1801 1 7 1 1718.0 5950.0 333032.443646 0.014875
Open  29120 c1801 1 8 1 1720.0 6810.0 333892.443646 0.017025
Open  29130 c1801 1 9 1 1718.0 7669.0 334751.443646 0.0191725
Open  29134 c1801 1 10 1 1720.0 8529.0 335611.443646 0.0213225
Open  29160 c1801 1 11 1 1720.0 9389.0 336471.443646 0.0234725
Open  29176 c1801 1 12 1 1718.0 10248.0 337330.443646 0.02562
Open  29204 c1801 1 13 1 1717.0 11106.5 338188.943646 0.02776625
Open  29215 TA801 1 2 1 5250.0 3145.2 339763.943646 0.007863
Close  6578.065 1282073.57076 -25944.293865 -2784108.49063 al1709 1 336163.110312 0.02700625
Close  -3692.68656944 -1309121.78689 -24187.3422955 -2132193.18412 jd1709 1 334173.661238 0.00497362268519
Open  29370 c1801 1 14 1 1718.0 11965.5 335032.661238 0.02991375
Open  29449 ag1712 1 3 1 3958.0 12356.4 339188.561238 0.030891
Open  29515 ag1712 1 4 1 3976.0 16531.2 343363.361238 0.041328
Open  29645 CF801 1 2 1 15455.0 10720.5 348772.611238 0.02680125
Open  29709 a1801 1 1 1 4012.0 2006.0 350778.611238 0.005015
Open  29764 CF801 1 3 1 15475.0 16136.75 356194.861238 0.040341875
Open  29806 a1801 1 2 1 4012.0 4012.0 358200.861238 0.01003
Open  29863 ag1712 1 5 1 3970.0 20699.7 362369.361238 0.05174925
Open  29872 c1801 1 15 1 1721.0 12826.0 363229.861238 0.032065
Open  29881 c1801 1 16 1 1720.0 13686.0 364089.861238 0.034215
Open  29910 c1801 1 17 1 1720.0 14546.0 364949.861238 0.036365
Open  29917 c1801 1 18 1 1720.0 15406.0 365809.861238 0.038515
Open  29935 ag1712 1 6 1 3977.0 24875.55 369985.711238 0.062188875
Open  29941 c1801 1 19 1 1720.0 16266.0 370845.711238 0.040665
Open  29954 c1801 1 20 1 1719.0 17125.5 371705.211238 0.04281375
Open  29970 c1801 1 21 1 1719.0 17985.0 372564.711238 0.0449625
Open  29992 c1801 1 22 1 1720.0 18845.0 373424.711238 0.0471125
Open  30007 ag1712 1 7 1 3971.0 29045.1 377594.261238 0.07261275
Open  30018 c1801 1 23 1 1720.0 19705.0 378454.261238 0.0492625
Open  30042 MA801 1 5 1 2684.0 6509.0 379796.261238 0.0162725
Open  30115 MA801 1 6 1 2687.0 7852.5 381139.761238 0.01963125
Open  30184 rb1801 1 12 1 3962.0 28798.7 383913.161238 0.07199675
Open  30291 rb1801 1 13 1 3940.0 31556.7 386671.161238 0.07889175
Open  30318 zn1710 1 2 1 24260.0 11956.25 392736.161238 0.029890625
Close  3115.74125 1747625.15368 -21071.6010455 -1321703.6673 l1709 1 388184.911238 0.034134375
Close  6031.4925 2390510.18251 -18155.8497955 -678818.638477 l1709 1 383633.661238 0.02275625
Close  8419.72625 2195849.21595 -9736.12354555 1482032.46029 i1709 1 381207.411238 0.006065625
Open  30589 bu1712 1 1 1 2618.0 1047.2 382254.611238 0.002618
Close  -17780.449 -4514491.6385 -10778.8151802 3669673.6503 RM709 1 381075.092007 1.70530256582e-17
close error:  30697 RM801 20170811 -5
Open  30713 c1801 1 24 1 1721.0 20565.5 381935.592007 0.05141375
Close  8847.24875 3120364.74788 -7963.05893016 3893967.47891 l1709 1 377384.342007 0.011378125
Open  30825 CF801 1 4 1 15245.0 21472.5 382720.092007 0.05368125
Close  11563.01 3794269.9475 -5247.29768016 4567872.67852 l1709 1 378168.842007 0.0
Open  30903 CF801 1 5 1 15250.0 26810.0 383506.342007 0.067025
Open  30960 CF801 1 6 1 15295.0 32163.25 388859.592007 0.080408125
Open  31022 TA801 1 3 1 5296.0 4734.0 390448.392007 0.011835
Open  31037 TA801 1 4 1 5298.0 6323.4 392037.792007 0.0158085
Open  31040 TA801 1 5 1 5298.0 7912.8 393627.192007 0.019782
Open  31191 ZC801 1 2 1 589.6 5794.0 396575.192007 0.014485
Open  31324 FG801 1 1 1 1427.0 1712.4 398287.592007 0.004281
Close  1566.307 559033.889156 -4398.06308016 5691212.94019 FG709 1 396653.912007 0.081684
Open  31471 FG801 1 2 1 1428.0 3426.0 398367.512007 0.008565
Close  2395.5426 767108.279792 -3568.82748016 5922798.18125 FG709 1 396733.832007 0.0775998
Open  31522 TA801 1 6 1 5220.0 9478.8 398299.832007 0.023697
Close  -762.8275 -1023211.1175 -4331.65498016 6037798.98447 ru1709 1 391867.332007 0.0
Close  21499.9185455 5939783.08153 -3916.91138925 6061686.40231 TA709 1 390362.368371 0.0188120454545
Open  31781 TA801 1 7 1 5222.0 11045.4 391928.968371 0.0276135
Open  31921 FG801 1 3 1 1426.0 5137.2 393640.168371 0.012843
Close  3124.7832 959086.267278 -3187.67078925 6285409.50103 FG709 1 392006.488371 0.0735156
Open  32059 FG801 1 4 1 1424.0 6846.0 393715.288371 0.017115
Close  3874.0228 1144470.62452 -2438.43118925 6470793.85827 FG709 1 392081.608371 0.0694314
Open  32227 FG801 1 5 1 1426.0 8557.2 393792.808371 0.021393
Close  -1314.89 -659966.217301 -1664.47418925 6615271.7946 ZC709 1 390790.808371 0.007505
Close  21904.6626364 6057320.26573 -1259.73009834 6674607.04933 TA709 1 389285.844735 0.0150496363636
Open  32344 TA801 1 8 1 5218.0 12610.8 390851.244735 0.031527
Close  22279.4082273 6171537.16044 -884.984507434 6830965.11731 TA709 1 389346.281098 0.0112872272727
Open  32454 TA801 1 9 1 5216.0 14175.6 390911.081098 0.035439
Open  32530 CF801 1 7 1 15505.0 37590.0 396337.831098 0.093975
Close  4683.2594 1325594.7387 -75.7479074343 6997667.43866 FG709 1 394704.151098 0.0653472
Open  32638 FG801 1 6 1 1425.0 10267.2 396414.151098 0.025668
Close  -520.934 -468229.017 718.208092566 7179581.94963 ZC709 1 393412.151098 0.0
Open  32732 FG801 1 7 1 1429.0 11982.0 395126.951098 0.029955
Open  32766 ZC801 1 3 1 587.4 8731.0 398063.951098 0.0218275
Open  32860 FG801 1 8 1 1431.0 13699.2 399781.151098 0.034248
Close  22684.1523182 6285455.66435 1122.95218347 7246746.70558 TA709 1 398276.187462 0.00752481818182
Open  32925 TA801 1 10 1 5220.0 15741.6 399842.187462 0.039354
Close  23108.8954091 6410890.17611 1547.69527438 7372181.21735 TA709 1 398337.223826 0.00376240909091
Open  33039 TA801 1 11 1 5222.0 17308.2 399903.823826 0.0432705
Close  23513.6395 6533789.142 1952.43936529 7495080.18324 TA709 1 398398.860189 4.2064129957e-17
Open  33250 MA801 1 7 1 2625.0 9165.0 399711.360189 0.0229125
Close  5392.501 1513207.36049 2661.68096529 7838359.92829 FG709 1 398077.680189 0.061263
Close  6101.7426 1688295.02458 3370.92256529 8013447.59238 FG709 1 396444.000189 0.0571788
Close  6770.9862 1857774.13706 4040.16616529 8182926.70487 FG709 1 394810.320189 0.0530946
Close  5336.358 1160393.33532 9376.52416529 9381597.77089 rb1710 1 392447.820189 0.0118125
Close  10692.715 2750858.14156 14732.8811653 10972062.5771 rb1710 1 390085.320189 0.00590625
Close  2718.70380769 1170442.22482 17451.584973 12142504.8019 rb1801 1 387657.881728 0.0728231538462
Close  -939.2075 -180572.680551 16512.377473 13538939.4961 bu1709 1 386622.815061 0.0129383333333
Close  7680.2178 2035027.27685 17421.609073 13541075.6241 FG709 1 384989.135061 0.0490104
Close  2944.60038889 894829.868093 18026.5678508 14549441.2182 MA709 1 383780.005431 0.0120912962963
Close  8509.4534 2265156.34896 18855.8034508 15527429.024 FG709 1 382146.325431 0.0449262
Close  -4729.77207143 -1541807.75074 17535.8677365 15449893.1801 m1801 1 380716.968289 0.00714678571429
Close  3499.56166667 1036200.90558 18090.8290143 15797481.7056 MA709 1 379507.838659 0.00906847222222
Close  9338.689 2454213.57033 18920.0646143 15843035.8746 FG709 1 377874.158659 0.040842
Close  13053.8725 3063905.28405 25395.8721143 16052355.6109 al1709 1 374273.325326 0.0180041666667
Close  -6049.70778571 -1810618.45697 24075.9364 16065105.233 m1801 1 372843.968183 0.00357339285714
Close  4034.52394444 1175414.70152 24610.8986777 17300997.1696 MA709 1 371634.838553 0.00604564814815
Close  10167.9246 2654479.51937 25440.1342777 19604060.7857 FG709 1 370001.158553 0.0367578
Close  10997.1602 2857136.97285 26269.3698777 20013898.9467 FG709 1 368367.478553 0.0326736
Close  19554.67875 4741160.64829 32770.1761277 20723769.3647 al1709 1 364766.64522 0.00900208333333
Close  11826.3958 3072051.9336 33599.4117277 22270354.2905 FG709 1 363132.96522 0.0285894
Close  12635.6324 3284595.3889 34408.6483277 23093718.4704 FG709 1 361499.28522 0.0245052
Close  13444.869 3468592.40721 35217.8849277 23463688.1559 FG709 1 359865.60522 0.020421
Close  14254.1056 3670275.94946 36027.1215277 23826959.214 FG709 1 358231.92522 0.0163368
Close  -2038.407 -398668.406507 34927.9220277 23777010.5515 bu1709 1 357196.858553 0.0103506666667
Close  -106.636821429 8466.37831959 34821.2852063 24502344.7327 ag1712 1 353047.558553 0.0622395
Close  15023.3442 3862808.32524 35590.5238063 24916509.5144 FG709 1 351413.878553 0.0122526
Close  -168.275892857 -3135.25597958 35528.8847349 24959215.2447 ag1712 1 347264.578553 0.05186625
Close  15792.5828 4051778.08718 36298.1233349 25097012.6414 FG709 1 345630.898553 0.0081684
Close  -229.914964286 -8816.37101867 36236.4842635 25096052.3132 ag1712 1 341481.598553 0.041493
Open  35667 RM801 1 1 -1 2161.0 1080.5 342562.098553 0.00270125
Open  35788 RM801 1 2 -1 2161.0 2161.0 343642.598553 0.0054025
Close  16561.8214 4236042.04436 37005.7228635 25208188.2688 FG709 1 342008.918553 0.0040842
Open  36007 RM801 1 3 -1 2161.0 3241.5 343089.418553 0.00810375
Open  36143 RM801 1 4 -1 2161.0 4322.0 344169.918553 0.010805
Close  -3077.6095 -663529.661618 35966.5203635 26276917.5795 bu1709 1 343134.851886 0.007763
Close  16149.067 3777778.5375 41422.8723635 26830502.3257 rb1710 1 340772.351886 0.0
Close  4609.48422222 1316832.38038 41997.8326412 26842779.6636 MA709 1 339563.222257 0.00302282407407
Close  -4016.817 -900332.319728 41058.6251412 26796535.1931 bu1709 1 338528.15559 0.00517533333333
Close  5174.445 1459648.01 41623.585919 26737912.199 MA709 1 337319.025961 6.36646291241e-17
Open  36595 FG801 1 9 1 1418.0 15400.8 339020.625961 0.038502
Close  -4996.0225 -1129489.56763 40644.380419 26656991.7773 bu1709 1 337985.559294 0.00258766666667
Open  36742 jm1801 1 5 1 1307.5 19446.0 341908.059294 0.048615
Close  -5955.229 -1341457.185 39685.173919 26445024.1599 bu1709 1 340872.992627 1.13686837722e-18
Open  36784 c1801 1 25 1 1720.0 21425.5 341732.992627 0.05356375
Open  36787 c1801 1 26 1 1720.0 22285.5 342592.992627 0.05571375
Open  36836 c1801 1 27 1 1720.0 23145.5 343452.992627 0.05786375
Open  36844 c1801 1 28 1 1721.0 24006.0 344313.492627 0.060015
Open  36867 c1801 1 29 1 1720.0 24866.0 345173.492627 0.062165
Close  35055.43875 14700106.5746 74740.612669 32853343.102 j1709 1 336269.742627 0.022259375
Open  37120 j1801 1 1 1 2122.5 10612.5 346882.242627 0.02653125
Close  16689.46 4191574.13 83010.346419 34567895.6933 i1709 1 344455.992627 0.0
Close  -778.208 -224816.498 82884.270419 34588480.5627 y1709 1 341414.992627 0.0
Open  37296 zn1710 1 3 1 24570.0 18098.75 347557.492627 0.045246875
Close  8188.0725 3120246.5375 91072.342919 36575179.4381 zn1709 1 341798.742627 0.0
Close  68260.97 22652074.5525 124277.874169 43582902.9841 j1709 1 332894.992627 0.0
Close  -717.132181818 -216557.996918 123560.741987 43509551.3562 TA801 1 331321.5199 0.0393368181818
Open  37708 a1801 1 3 1 3888.0 5956.0 333265.5199 0.01489
Open  37753 c1801 1 30 1 1731.0 25731.5 334131.0199 0.06432875
Open  37756 c1801 1 31 1 1733.0 26598.0 334997.5199 0.066495
Open  37762 c1801 1 32 1 1732.0 27464.0 335863.5199 0.06866
Open  37765 c1801 1 33 1 1732.0 28330.0 336729.5199 0.070825
Open  37773 c1801 1 34 1 1733.0 29196.5 337596.0199 0.07299125
Open  37784 c1801 1 35 1 1735.0 30064.0 338463.5199 0.07516
Open  37893 MA801 1 8 1 2669.0 10499.5 339798.0199 0.02624875
Open  37901 CF801 1 8 1 15195.0 42908.25 345116.2699 0.107270625
Open  38029 MA801 1 9 1 2671.0 11835.0 346451.7699 0.0295875
Open  38113 CF801 1 9 1 15205.0 48230.0 351773.5199 0.120575
Open  38166 MA801 1 10 1 2672.0 13171.0 353109.5199 0.0329275
Open  38343 CF801 1 10 1 15215.0 53555.25 358434.7699 0.133888125
Open  38346 rb1801 1 13 1 3814.0 31799.0615385 361104.5699 0.0794976538462
Open  38432 SR801 1 1 1 6306.0 3783.6 364888.1699 0.009459
Open  38503 rb1801 1 14 1 3818.0 34471.6615385 367560.7699 0.0861791538462
Open  38521 SR801 1 2 1 6307.0 7567.8 371344.9699 0.0189195
Open  38605 SR801 1 3 1 6307.0 11352.0 375129.1699 0.02838
Open  38648 rb1801 1 15 1 3810.0 37138.6615385 377796.1699 0.0928466538462
Open  38706 SR801 1 4 1 6307.0 15136.2 381580.3699 0.0378405
Open  38758 TA801 1 11 1 5126.0 17272.5272727 383118.1699 0.0431813181818
Open  38770 rb1801 1 16 1 3816.0 39809.8615385 385789.3699 0.0995246538462
Open  38842 bu1712 1 2 1 2680.0 2119.2 386861.3699 0.005298
Open  38875 bu1712 1 3 1 2680.0 3191.2 387933.3699 0.007978
Open  38944 bu1712 1 4 1 2680.0 4263.2 389005.3699 0.010658
Open  39016 ZC801 1 4 1 599.0 11726.0 392000.3699 0.029315
Open  39072 c1801 1 36 1 1740.0 30934.0 392870.3699 0.077335
Open  39098 SR801 1 5 1 6308.0 18921.0 396655.1699 0.0473025
Open  39388 ZC801 1 5 1 599.4 14723.0 399652.1699 0.0368075
Close  214.577 -188425.838 123775.318987 43469077.1953 p1709 1 396946.1699 0.0
Close  -179.6 -144926.181202 123595.718987 43400083.07 y1801 1 393808.503233 0.0156883333333
Open  39928 CF801 1 11 1 15250.0 58892.75 399146.003233 0.147231875
Close  6908.8975 1920469.15745 130504.616487 43927358.6761 al1710 1 395434.336567 0.0463958333333
Close  13767.7975 3724210.60997 137363.516487 46236567.6606 al1710 1 391722.6699 0.0371166666667
Close  20576.7 5220783.55525 144172.418987 48116706.8495 al1710 1 388011.003233 0.0278375
Close  27360.60375 6872901.2864 150956.322737 49888676.5714 al1710 1 384299.336567 0.0185583333333
Close  -4214.29261364 -1507380.13694 151189.571374 51736394.7644 CF801 1 378945.450203 0.133847159091
Close  -4006.04272727 -1461644.07344 151397.82126 51986481.9511 CF801 1 373591.563839 0.120462443182
Close  -8181.54733333 -2098192.19925 151520.540927 52052379.5643 c1801 1 372732.286062 0.0751868055556
Close  -7936.108 -2047945.94101 151765.98026 52102625.8226 c1801 1 371013.730506 0.0708904166667
Close  -7710.66766667 -1995038.47085 151991.420593 52155533.2927 c1801 1 369295.17495 0.0665940277778
Close  -7597.9475 -1968028.95119 152104.14076 52300094.9181 c1801 1 368435.897173 0.0644458333333
Close  -7495.22683333 -1930729.52507 152206.861427 52342036.4676 c1801 1 367576.619395 0.0622976388889
Close  -7392.50616667 -1903507.41079 152309.582093 52369258.5818 c1801 1 366717.341617 0.0601494444444
Close  -3822.79159091 -1424407.58493 152492.83323 52375647.412 CF801 1 361363.455253 0.107077727273
Close  34119.50875 8571059.23661 159251.73823 52709741.465 al1710 1 357651.788587 0.00927916666667
Close  -7289.7855 -1888306.74114 159354.458896 53004722.8668 c1801 1 356792.510809 0.05800125
Close  2917.15564286 1085607.99284 162271.614539 54902874.804 jd1801 1 354729.082238 0.0309514285714
Close  5834.31128571 1832065.30332 165188.770182 55649332.1145 jd1801 1 352665.653666 0.0257928571429
Close  8741.46742857 2598019.39186 168095.926325 56415286.203 jd1801 1 350602.225095 0.0206342857143
Close  11648.6235714 3375018.84575 171003.082468 57192285.6569 jd1801 1 348538.796523 0.0154757142857
Close  14495.7827143 4123883.17706 173850.241611 57954146.3032 jd1801 1 346475.367952 0.0103171428571
Open  42998 TA801 1 12 1 5286.0 18858.3272727 348061.167952 0.0471458181818
Close  17302.9438571 4858252.31551 176657.402753 58800169.6399 jd1801 1 345997.73938 0.00515857142857
Close  23.4302142857 47216.9399455 176910.747932 59800837.8116 ag1712 1 341848.43938 0.03111975
Close  -3814.53170455 -1407920.05893 176919.007818 62665688.5497 CF801 1 336494.553017 0.0936930113636
Close  -3806.27181818 -1425131.09452 176927.267705 63369073.6563 CF801 1 331140.666653 0.0803082954545
Close  -7227.06283333 -1873187.5227 176989.990371 63666724.5591 c1801 1 330281.388875 0.0558530555556
Close  -7164.34016667 -1862622.72749 177052.713038 63670726.3661 c1801 1 329422.111098 0.0537048611111
Close  -7091.618 -1845803.98677 177125.435205 63687545.1069 c1801 1 328562.83332 0.0515566666667
Close  6690.43135096 2908566.86767 181097.162748 63969708.9202 rb1801 1 326074.716974 0.0933043629808
Close  -6998.89683333 -1825163.84062 181189.883915 64746593.426 c1801 1 325215.439196 0.0494084722222
Close  10672.1583942 4038795.25735 185171.610958 65724832.1976 rb1801 1 322727.32285 0.0870840721154
Close  -6926.17466667 -1795200.79816 185244.333125 66224492.5906 c1801 1 321868.045072 0.0472602777778
Close  -6853.4525 -1787155.93345 185317.055291 66704818.0917 c1801 1 321008.767294 0.0451120833333
Close  14653.8854375 4801056.96014 189298.782335 66905895.3167 rb1801 1 318520.650948 0.08086378125
Close  -6800.72933333 -1770984.86309 189351.505501 67278662.4455 c1801 1 317661.37317 0.0429638888889
Close  -6748.00616667 -1761311.61981 189404.228668 67878945.5888 c1801 1 316802.095392 0.0408156944444
Close  6783.56 1876054.1717 196187.788668 68922368.6085 ru1801 1 308752.095392 0.020125
Close  18655.6114808 5868670.60775 200189.514711 69353604.5207 rb1801 1 306263.979046 0.0746434903846
Close  -6715.282 -1749703.90702 200222.238878 69456877.7628 c1801 1 305404.701269 0.0386675
Close  -6662.55883333 -1735887.2287 200274.962044 69955532.3769 c1801 1 304545.423491 0.0365193055556
Close  22617.339524 6834312.54475 204236.690088 71593365.4347 rb1801 1 302057.307145 0.0684231995192
Close  -6629.83466667 -1728737.72472 204269.414254 71750425.3486 c1801 1 301198.029367 0.0343711111111
Close  -6597.1105 -1720900.13142 204302.138421 71952032.196 c1801 1 300338.751589 0.0322229166667
Close  81.7851428571 91108.9008428 204360.49335 72986977.3461 ag1712 1 296189.451589 0.0207465
Close  26739.0595673 7669718.8176 208482.213393 73982736.3642 rb1801 1 293701.335243 0.0622029086538
Close  -6564.38633333 -1714148.64655 208514.93756 74015203.7116 c1801 1 292842.057465 0.0300747222222
Close  -6541.66166667 -1707375.20179 208537.662226 74892075.7139 c1801 1 291982.779687 0.0279265277778
Close  -6498.938 -1697241.86854 208580.385893 75522367.1477 c1801 1 291123.50191 0.0257783333333
Close  -6466.21383333 -1690978.11853 208613.11006 75578060.128 c1801 1 290264.224132 0.0236301388889
Close  -6423.49016667 -1679447.46039 208655.833726 76296223.3962 c1801 1 289404.946354 0.0214819444444
Close  -6380.7665 -1672206.3645 208698.557393 76408926.5853 c1801 1 288545.668576 0.01933375
Close  30720.7866106 8683387.28964 212680.284436 77125086.5797 rb1801 1 286057.55223 0.0559826177885
Close  -6348.04233333 -1665198.75794 212713.008603 77717078.5888 c1801 1 285198.274452 0.0171855555556
Close  -6315.31816667 -1657772.12458 212745.73277 78241112.7911 c1801 1 284338.996675 0.0150373611111
Close  34712.5131538 9657295.24365 216737.459313 78493559.6167 rb1801 1 281850.880328 0.0497623269231
Close  -6282.594 -1650345.49123 216770.183479 78545452.2222 c1801 1 280991.602551 0.0128891666667
Close  -6269.86883333 -1646088.67113 216782.908646 79127648.5231 c1801 1 280132.324773 0.0107409722222
Close  -6257.14366667 -1642271.71606 216795.633813 79633472.6117 c1801 1 279273.046995 0.00859277777778
Close  -6244.4185 -1640363.23853 216808.358979 80028870.9869 c1801 1 278413.769217 0.00644458333333
Close  38674.2411971 10603992.0521 220770.087023 80708990.6717 rb1801 1 275925.652871 0.0435420360577
Close  -6251.69233333 -1641534.0475 220762.813189 80837438.6735 c1801 1 275066.375093 0.00429638888889
Close  42595.9712404 11573436.3052 224684.543233 82252039.7816 rb1801 1 272578.258747 0.0373217451923
Close  46467.7037837 12534001.0022 228556.275776 84194112.9202 rb1801 1 270090.142401 0.0311014543269
Close  1052.28275 662670.15672 229608.558526 86408903.5965 bu1712 1 269024.342401 0.0079935
Close  10329.08375 6493258.47507 239937.642276 86807622.8944 zn1710 1 262991.425734 0.0301645833333
Close  2104.5655 809810.768529 240989.925026 87316794.2309 bu1712 1 261925.625734 0.005329
Close  50289.4388269 13323679.5615 244811.660069 88151819.8747 rb1801 1 259437.509388 0.0248811634615
Close  3156.84825 1035668.87103 245863.942819 90051419.8212 bu1712 1 258371.709388 0.0026645
Close  12957.5733 6533211.24441 258821.516119 93403638.8518 jm1801 1 254482.509388 0.038892
Close  54111.1738702 14342662.4257 262643.251162 93654205.388 rb1801 1 251994.393042 0.0186608725962
Close  25855.1496 9575633.00093 275540.827462 97831369.6181 jm1801 1 248105.193042 0.029169
Close  20658.1675 8153251.52874 285869.911212 101647763.748 zn1710 1 242072.276375 0.0150822916667
Close  -162.169 -423669.289542 285707.742212 102262963.859 RM801 -1 240991.776375 0.00810375
Close  -324.338 -474711.133677 285545.573212 102391188.692 RM801 -1 239911.276375 0.0054025
Close  617.117 229077.657073 286162.690212 102376424.881 FG801 1 238200.076375 0.034224
Close  1194.236 382013.887109 286739.809212 102529361.111 FG801 1 236488.876375 0.029946
Close  1751.356 529230.403145 287296.929212 102757192.186 FG801 1 234777.676375 0.025668
Close  2328.475 677561.614461 287874.048212 103044766.727 FG801 1 233066.476375 0.02139
Close  2905.594 836455.554739 288451.167212 103203660.667 FG801 1 231355.276375 0.017112
Close  3462.714 976463.925093 289008.287212 103343669.038 FG801 1 229644.076375 0.012834
Close  4019.834 1119645.89185 289565.407212 103486851.004 FG801 1 227932.876375 0.008556
Close  4576.954 1265770.33596 290122.527212 103916171.853 FG801 1 226221.676375 0.004278
Close  -466.506 -523368.075691 289980.359212 105292352.421 RM801 -1 225141.176375 0.00270125
Close  -818.6845 -574956.1455 289628.180712 105425405.584 RM801 -1 224060.676375 0.0
Close  32933.0169 11664696.5441 296706.048012 108246500.356 jm1801 1 220171.476375 0.019446
Close  3021.9594 1263639.70373 299728.007412 110086161.213 ZC801 1 217226.876375 0.029446
Close  -6308.96366667 -1662956.17259 299670.736079 110475551.059 c1801 1 216367.598598 0.00214819444444
Close  -1280.5735 -390904.518059 298390.162579 111034726.904 a1801 1 214382.265264 0.00992666666667
Close  -36.3055 150514.991584 298353.857079 111061732.96 SR801 1 210598.065264 0.037842
Close  -2601.145 -705190.371129 297033.285579 111161605.559 a1801 1 208612.731931 0.00496333333333
Close  -162.6065 126434.292416 296906.984579 111447442.437 SR801 1 204828.531931 0.0283815
Close  7523.8448 2205437.28156 301408.869979 112077480.13 ZC801 1 201883.931931 0.0220845
Close  -1023.15068182 -1052378.09673 304191.991115 112161708.605 CF801 1 196530.045567 0.0669235795455
Close  3013.141 1151838.04018 307205.132115 113784878.236 OI801 1 193176.045567 0.008385
Close  1759.97045455 -372022.051966 309988.253252 115079573.517 CF801 1 187822.159204 0.0535388636364
Close  11905.7362 3312631.61567 314370.144652 117625457.973 ZC801 1 184877.559204 0.014723
Close  58762.8674135 15236309.3125 319021.838195 118702971.885 rb1801 1 182389.442858 0.0124405817308
Close  1580.06807143 441114.330588 320520.121124 120012326.29 ag1712 1 178240.142858 0.01037325
Close  4493.09409091 343299.718131 323253.24476 120976700.105 CF801 1 172886.256494 0.0401541477273
Close  -241.8965 -145841.688948 323728.480442 123203317.114 TA801 1 171314.729221 0.043217
Close  7226.21772727 966767.746515 326461.604078 124365434.647 CF801 1 165960.842858 0.0267694318182
Close  16267.6286 4418427.98634 330823.496478 125629430.764 ZC801 1 163016.242858 0.0073615
Close  3025.2144 875000.950655 333848.710878 126508064.662 MA801 1 161699.142858 0.02963475
Close  213.340181818 -14982.0628648 334303.94756 127282424.346 TA801 1 160127.615585 0.0392881818182
Close  1881.203 588073.380454 336185.15056 127614348.388 p1801 1 157442.948918 0.0134233333333
Close  9909.34386364 1635049.39503 338868.276696 128274736.933 CF801 1 152089.062554 0.0133847159091
Close  648.577863636 129068.873983 339303.514378 130099865.173 TA801 1 150517.535282 0.0353593636364
Close  38660.9517 12944344.6106 345031.449178 131279678.903 jm1801 1 146628.335282 0.009723
Close  3742.407 1067265.8792 346892.653178 132371589.101 p1801 1 143943.668615 0.00671166666667
Close  1083.81554545 269254.757798 347327.89086 133148976.685 TA801 1 142372.141342 0.0314305454545
Close  1489.05472727 408508.311379 347733.130042 133776272.577 TA801 1 140800.61407 0.0275017272727
Close  1864.29540909 533888.747078 348108.370724 133901653.013 TA801 1 139229.086797 0.0235729090909
Close  -6266.24 -1661260.0475 348151.09439 133981400.216 c1801 1 138369.809019 3.06954461848e-17
Close  6473.3825 8314916.2282 354624.47689 135733694.091 l1801 1 133556.475686 0.0240666666667
Close  12996.7625 9586063.5607 361147.85689 137004841.423 l1801 1 128743.142352 0.0120333333333
Close  19470.145 10894553.2325 367621.23939 138313331.095 l1801 1 123929.809019 4.54747350886e-18
Close  63284.5674567 16300227.2632 372142.939434 138826883.505 rb1801 1 121441.692673 0.00622029086538
Close  6110.4258 1637005.10113 375228.150834 139168850.126 MA801 1 120124.592673 0.026342
Close  9115.6412 2420060.06052 378233.366234 140265149.073 MA801 1 118807.492673 0.02304925
Close  2319.53209091 671540.946009 378688.602915 140543105.242 TA801 1 117235.9654 0.0196440909091
Close  12130.8561 3198911.16087 381703.817815 141774923.942 MA801 1 115918.8654 0.0197565
Close  15046.076 3906546.28384 384619.037715 142519688.554 MA801 1 114601.7654 0.01646375
Close  17991.2944 4639601.88182 387564.256115 143261988.487 MA801 1 113284.6654 0.013171
Close  20876.5158 5390314.38917 390449.477515 144859452.942 MA801 1 111967.5654 0.00987825
Close  -428.9005 84341.2944387 390183.183515 145647902.561 SR801 1 108183.3654 0.018921
Close  680.748 -80557.0010661 391043.531515 145653370.306 y1801 1 105045.698734 0.00784416666667
Close  23781.7362 6108988.72932 393948.751915 145717780.936 MA801 1 103728.598734 0.0065855
Close  26596.9611 6805786.2557 396763.976815 146433208.891 MA801 1 102411.498734 0.00329275
Close  -715.1935 3384.74868206 396477.683815 146791146.518 SR801 1 98627.2987336 0.0094605
Close  2704.77227273 812977.752456 396862.923997 146864455.655 TA801 1 97055.7714609 0.0157152727273
Close  3100.01195455 934664.068705 397258.163679 147176637.744 TA801 1 95484.2441881 0.0117864545455
Close  20327.7575 9325085.26 417585.921179 148503786.995 j1801 1 84871.7441881 0.0
Close  3515.25063636 1061441.5651 418001.159861 148677028.841 TA801 1 83300.2169154 0.00785763636364
Close  -4091.708 -1020147.6005 416510.596861 148663147.45 a1801 1 81314.8835821 1.13686837722e-18
Close  41228.39625 10390140.1737 423619.484361 149026160.326 al1710 1 77603.2169154 2.27373675443e-18
Close  1481.099 83090.5539999 424419.835361 149065952.649 y1801 1 74465.5502487 2.27373675443e-18
Close  12442.4775 2253610.1425 426952.968997 149463552.642 CF801 1 69111.6638851 3.18323145621e-17
Close  5686.299 1726021.184 429626.126997 149512632.32 OI801 1 65757.6638851 0.0
Close  3930.48931818 1201826.9894 430041.365679 149525976.942 TA801 1 64186.1366124 0.00392881818182
Close  5283.627 1515663.518 431582.585679 149645048.614 p1801 1 61501.4699457 2.27373675443e-18
Close  21566.72 5109451.205 446365.745679 149942221.88 ru1801 1 53451.4699457 0.0
Close  67596.278 17320559.6945 450677.456222 150072873.757 rb1801 1 50963.3535995 2.72848410532e-17
 { 'all_money': 100000000, 'all_deposit': 13581.6712371, 'my_ratio': 0, 'my_money': 500000, 'my_deposit': 50963.3535995, 'dpst_pcnt': 0.8, 'max_dpst': 400000.0, 'commision': 5e-05, 'mark_rev': 150072873.757, 'my_rev': 450677.456222}
